<?xml version="1.0" encoding="UTF-8"?>
<testng-results ignored="0" total="8" passed="7" failed="1" skipped="0">
  <reporter-output>
  </reporter-output>
  <suite started-at="2021-06-12T13:33:07Z" name="Amazon framework suite test cases" finished-at="2021-06-12T13:34:34Z" duration-ms="86955">
    <groups>
    </groups>
    <test started-at="2021-06-12T13:33:07Z" name="Amazon Test suite " finished-at="2021-06-12T13:34:34Z" duration-ms="86955">
      <class name="com.amazon.qa.testcases.HomePageTestcase">
        <test-method is-config="true" signature="setUp()[pri:0, instance:com.amazon.qa.testcases.HomePageTestcase@5552768b]" started-at="2021-06-12T13:33:15Z" name="setUp" finished-at="2021-06-12T13:33:26Z" duration-ms="11130" status="PASS">
          <reporter-output>
          </reporter-output>
        </test-method> <!-- setUp -->
        <test-method signature="validateHomePageTitleTest()[pri:1, instance:com.amazon.qa.testcases.HomePageTestcase@5552768b]" started-at="2021-06-12T13:33:26Z" name="validateHomePageTitleTest" finished-at="2021-06-12T13:33:30Z" duration-ms="4193" status="FAIL">
          <exception class="java.lang.AssertionError">
            <message>
              <![CDATA[expected [Amazon.com. Spend less. Smile more.] but found [Amazon Sign-In]]]>
            </message>
            <full-stacktrace>
              <![CDATA[java.lang.AssertionError: expected [Amazon.com. Spend less. Smile more.] but found [Amazon Sign-In]
at org.testng.Assert.fail(Assert.java:96)
at org.testng.Assert.failNotEquals(Assert.java:776)
at org.testng.Assert.assertEqualsImpl(Assert.java:137)
at org.testng.Assert.assertEquals(Assert.java:118)
at org.testng.Assert.assertEquals(Assert.java:453)
at org.testng.Assert.assertEquals(Assert.java:463)
at com.amazon.qa.testcases.HomePageTestcase.validateHomePageTitleTest(HomePageTestcase.java:36)
at java.base/jdk.internal.reflect.NativeMethodAccessorImpl.invoke0(Native Method)
at java.base/jdk.internal.reflect.NativeMethodAccessorImpl.invoke(NativeMethodAccessorImpl.java:64)
at java.base/jdk.internal.reflect.DelegatingMethodAccessorImpl.invoke(DelegatingMethodAccessorImpl.java:43)
at java.base/java.lang.reflect.Method.invoke(Method.java:564)
at org.testng.internal.MethodInvocationHelper.invokeMethod(MethodInvocationHelper.java:124)
at org.testng.internal.Invoker.invokeMethod(Invoker.java:583)
at org.testng.internal.Invoker.invokeTestMethod(Invoker.java:719)
at org.testng.internal.Invoker.invokeTestMethods(Invoker.java:989)
at org.testng.internal.TestMethodWorker.invokeTestMethods(TestMethodWorker.java:125)
at org.testng.internal.TestMethodWorker.run(TestMethodWorker.java:109)
at org.testng.TestRunner.privateRun(TestRunner.java:648)
at org.testng.TestRunner.run(TestRunner.java:505)
at org.testng.SuiteRunner.runTest(SuiteRunner.java:455)
at org.testng.SuiteRunner.runSequentially(SuiteRunner.java:450)
at org.testng.SuiteRunner.privateRun(SuiteRunner.java:415)
at org.testng.SuiteRunner.run(SuiteRunner.java:364)
at org.testng.SuiteRunnerWorker.runSuite(SuiteRunnerWorker.java:52)
at org.testng.SuiteRunnerWorker.run(SuiteRunnerWorker.java:84)
at org.testng.TestNG.runSuitesSequentially(TestNG.java:1208)
at org.testng.TestNG.runSuitesLocally(TestNG.java:1137)
at org.testng.TestNG.runSuites(TestNG.java:1049)
at org.testng.TestNG.run(TestNG.java:1017)
at org.testng.remote.AbstractRemoteTestNG.run(AbstractRemoteTestNG.java:115)
at org.testng.remote.RemoteTestNG.initAndRun(RemoteTestNG.java:251)
at org.testng.remote.RemoteTestNG.main(RemoteTestNG.java:77)
]]>
            </full-stacktrace>
          </exception> <!-- java.lang.AssertionError -->
          <reporter-output>
          </reporter-output>
        </test-method> <!-- validateHomePageTitleTest -->
        <test-method is-config="true" signature="tearDown()[pri:0, instance:com.amazon.qa.testcases.HomePageTestcase@5552768b]" started-at="2021-06-12T13:33:30Z" name="tearDown" finished-at="2021-06-12T13:33:31Z" duration-ms="702" status="PASS">
          <reporter-output>
          </reporter-output>
        </test-method> <!-- tearDown -->
        <test-method is-config="true" signature="setUp()[pri:0, instance:com.amazon.qa.testcases.HomePageTestcase@5552768b]" started-at="2021-06-12T13:33:40Z" name="setUp" finished-at="2021-06-12T13:33:54Z" duration-ms="14596" status="PASS">
          <reporter-output>
          </reporter-output>
        </test-method> <!-- setUp -->
        <test-method signature="validateUsernameLabel()[pri:2, instance:com.amazon.qa.testcases.HomePageTestcase@5552768b]" started-at="2021-06-12T13:33:54Z" name="validateUsernameLabel" finished-at="2021-06-12T13:33:58Z" duration-ms="3464" status="PASS">
          <reporter-output>
          </reporter-output>
        </test-method> <!-- validateUsernameLabel -->
        <test-method is-config="true" signature="tearDown()[pri:0, instance:com.amazon.qa.testcases.HomePageTestcase@5552768b]" started-at="2021-06-12T13:33:58Z" name="tearDown" finished-at="2021-06-12T13:33:58Z" duration-ms="733" status="PASS">
          <reporter-output>
          </reporter-output>
        </test-method> <!-- tearDown -->
        <test-method is-config="true" signature="setUp()[pri:0, instance:com.amazon.qa.testcases.HomePageTestcase@5552768b]" started-at="2021-06-12T13:34:05Z" name="setUp" finished-at="2021-06-12T13:34:12Z" duration-ms="6779" status="PASS">
          <reporter-output>
          </reporter-output>
        </test-method> <!-- setUp -->
        <test-method signature="validateAmazonLogo()[pri:3, instance:com.amazon.qa.testcases.HomePageTestcase@5552768b]" started-at="2021-06-12T13:34:12Z" name="validateAmazonLogo" finished-at="2021-06-12T13:34:14Z" duration-ms="2277" status="PASS">
          <reporter-output>
          </reporter-output>
        </test-method> <!-- validateAmazonLogo -->
        <test-method is-config="true" signature="tearDown()[pri:0, instance:com.amazon.qa.testcases.HomePageTestcase@5552768b]" started-at="2021-06-12T13:34:14Z" name="tearDown" finished-at="2021-06-12T13:34:15Z" duration-ms="697" status="PASS">
          <reporter-output>
          </reporter-output>
        </test-method> <!-- tearDown -->
        <test-method is-config="true" signature="setUp()[pri:0, instance:com.amazon.qa.testcases.HomePageTestcase@5552768b]" started-at="2021-06-12T13:34:15Z" name="setUp" finished-at="2021-06-12T13:34:23Z" duration-ms="7449" status="PASS">
          <reporter-output>
          </reporter-output>
        </test-method> <!-- setUp -->
        <test-method signature="validateHiUserLabel()[pri:4, instance:com.amazon.qa.testcases.HomePageTestcase@5552768b]" started-at="2021-06-12T13:34:23Z" name="validateHiUserLabel" finished-at="2021-06-12T13:34:23Z" duration-ms="0" status="PASS">
          <reporter-output>
          </reporter-output>
        </test-method> <!-- validateHiUserLabel -->
        <test-method is-config="true" signature="tearDown()[pri:0, instance:com.amazon.qa.testcases.HomePageTestcase@5552768b]" started-at="2021-06-12T13:34:23Z" name="tearDown" finished-at="2021-06-12T13:34:23Z" duration-ms="733" status="PASS">
          <reporter-output>
          </reporter-output>
        </test-method> <!-- tearDown -->
        <test-method is-config="true" signature="setUp()[pri:0, instance:com.amazon.qa.testcases.HomePageTestcase@5552768b]" started-at="2021-06-12T13:34:23Z" name="setUp" finished-at="2021-06-12T13:34:29Z" duration-ms="5915" status="PASS">
          <reporter-output>
          </reporter-output>
        </test-method> <!-- setUp -->
        <test-method signature="validateTodaysDealLink()[pri:5, instance:com.amazon.qa.testcases.HomePageTestcase@5552768b]" started-at="2021-06-12T13:34:29Z" name="validateTodaysDealLink" finished-at="2021-06-12T13:34:33Z" duration-ms="4103" status="PASS">
          <reporter-output>
          </reporter-output>
        </test-method> <!-- validateTodaysDealLink -->
        <test-method is-config="true" signature="tearDown()[pri:0, instance:com.amazon.qa.testcases.HomePageTestcase@5552768b]" started-at="2021-06-12T13:34:33Z" name="tearDown" finished-at="2021-06-12T13:34:34Z" duration-ms="705" status="PASS">
          <reporter-output>
          </reporter-output>
        </test-method> <!-- tearDown -->
      </class> <!-- com.amazon.qa.testcases.HomePageTestcase -->
      <class name="com.amazon.qa.testcases.LoginPageTestcase">
        <test-method is-config="true" signature="setUp()[pri:0, instance:com.amazon.qa.testcases.LoginPageTestcase@671a5887]" started-at="2021-06-12T13:33:07Z" name="setUp" finished-at="2021-06-12T13:33:14Z" duration-ms="7086" status="PASS">
          <reporter-output>
          </reporter-output>
        </test-method> <!-- setUp -->
        <test-method signature="loginPageTitleTest()[pri:1, instance:com.amazon.qa.testcases.LoginPageTestcase@671a5887]" started-at="2021-06-12T13:33:14Z" name="loginPageTitleTest" finished-at="2021-06-12T13:33:14Z" duration-ms="13" status="PASS">
          <reporter-output>
          </reporter-output>
        </test-method> <!-- loginPageTitleTest -->
        <test-method is-config="true" signature="tearDown()[pri:0, instance:com.amazon.qa.testcases.LoginPageTestcase@671a5887]" started-at="2021-06-12T13:33:14Z" name="tearDown" finished-at="2021-06-12T13:33:15Z" duration-ms="692" status="PASS">
          <reporter-output>
          </reporter-output>
        </test-method> <!-- tearDown -->
        <test-method is-config="true" signature="setUp()[pri:0, instance:com.amazon.qa.testcases.LoginPageTestcase@671a5887]" started-at="2021-06-12T13:33:31Z" name="setUp" finished-at="2021-06-12T13:33:39Z" duration-ms="7851" status="PASS">
          <reporter-output>
          </reporter-output>
        </test-method> <!-- setUp -->
        <test-method signature="loginPageLogo()[pri:2, instance:com.amazon.qa.testcases.LoginPageTestcase@671a5887]" started-at="2021-06-12T13:33:39Z" name="loginPageLogo" finished-at="2021-06-12T13:33:39Z" duration-ms="47" status="PASS">
          <reporter-output>
          </reporter-output>
        </test-method> <!-- loginPageLogo -->
        <test-method is-config="true" signature="tearDown()[pri:0, instance:com.amazon.qa.testcases.LoginPageTestcase@671a5887]" started-at="2021-06-12T13:33:39Z" name="tearDown" finished-at="2021-06-12T13:33:40Z" duration-ms="681" status="PASS">
          <reporter-output>
          </reporter-output>
        </test-method> <!-- tearDown -->
        <test-method is-config="true" signature="setUp()[pri:0, instance:com.amazon.qa.testcases.LoginPageTestcase@671a5887]" started-at="2021-06-12T13:33:58Z" name="setUp" finished-at="2021-06-12T13:34:03Z" duration-ms="5025" status="PASS">
          <reporter-output>
          </reporter-output>
        </test-method> <!-- setUp -->
        <test-method signature="userLoginTest()[pri:3, instance:com.amazon.qa.testcases.LoginPageTestcase@671a5887]" started-at="2021-06-12T13:34:03Z" name="userLoginTest" finished-at="2021-06-12T13:34:05Z" duration-ms="1311" status="PASS">
          <reporter-output>
          </reporter-output>
        </test-method> <!-- userLoginTest -->
        <test-method is-config="true" signature="tearDown()[pri:0, instance:com.amazon.qa.testcases.LoginPageTestcase@671a5887]" started-at="2021-06-12T13:34:05Z" name="tearDown" finished-at="2021-06-12T13:34:05Z" duration-ms="725" status="PASS">
          <reporter-output>
          </reporter-output>
        </test-method> <!-- tearDown -->
      </class> <!-- com.amazon.qa.testcases.LoginPageTestcase -->
    </test> <!-- Amazon Test suite  -->
  </suite> <!-- Amazon framework suite test cases -->
</testng-results>
