<?xml version="1.0" encoding="UTF-8"?>
<!-- Generated by org.testng.reporters.JUnitXMLReporter -->
<testsuite ignored="0" hostname="DESKTOP-QSLLPBF" failures="1" tests="8" name="Amazon Test suite " time="86.955" errors="0" timestamp="12 Jun 2021 13:34:34 GMT">
  <testcase classname="com.amazon.qa.testcases.LoginPageTestcase" name="loginPageTitleTest" time="0.013"/>
  <testcase classname="com.amazon.qa.testcases.HomePageTestcase" name="validateHomePageTitleTest" time="4.193">
    <failure type="java.lang.AssertionError" message="expected [Amazon.com. Spend less. Smile more.] but found [Amazon Sign-In]">
      <![CDATA[java.lang.AssertionError: expected [Amazon.com. Spend less. Smile more.] but found [Amazon Sign-In]
at com.amazon.qa.testcases.HomePageTestcase.validateHomePageTitleTest(HomePageTestcase.java:36)
... Removed 31 stack frames]]>
    </failure>
  </testcase> <!-- validateHomePageTitleTest -->
  <testcase classname="com.amazon.qa.testcases.LoginPageTestcase" name="loginPageLogo" time="0.047"/>
  <testcase classname="com.amazon.qa.testcases.HomePageTestcase" name="validateUsernameLabel" time="3.464"/>
  <testcase classname="com.amazon.qa.testcases.LoginPageTestcase" name="userLoginTest" time="1.311"/>
  <testcase classname="com.amazon.qa.testcases.HomePageTestcase" name="validateAmazonLogo" time="2.277"/>
  <testcase classname="com.amazon.qa.testcases.HomePageTestcase" name="validateHiUserLabel" time="0.0"/>
  <testcase classname="com.amazon.qa.testcases.HomePageTestcase" name="validateTodaysDealLink" time="4.103"/>
</testsuite> <!-- Amazon Test suite  -->
